<?xml version="1.0" encoding="UTF-8"?>
<!-- Generated by org.testng.reporters.JUnitReportReporter -->
<testsuite hostname="CPR02071L" failures="0" tests="6" name="com.qa.opencart.tests.LoginPageTest" time="4.070" errors="0" timestamp="2025-05-01T14:46:57 EDT" skipped="0">
  <testcase classname="com.qa.opencart.tests.LoginPageTest" name="loginPageURLTest" time="0.015"/>
  <system-out/>
  <testcase classname="com.qa.opencart.tests.LoginPageTest" name="rightMenuListItemTest" time="0.234"/>
  <system-out/>
  <testcase classname="com.qa.opencart.tests.LoginPageTest" name="continuebuttonExistTest" time="0.446"/>
  <system-out/>
  <testcase classname="com.qa.opencart.tests.LoginPageTest" name="loginPageTitleTest" time="0.035"/>
  <system-out/>
  <testcase classname="com.qa.opencart.tests.LoginPageTest" name="forgottenPasswordExistTest" time="0.350"/>
  <system-out/>
  <testcase classname="com.qa.opencart.tests.LoginPageTest" name="loginPageSuccefullTest" time="2.990"/>
  <system-out/>
</testsuite> <!-- com.qa.opencart.tests.LoginPageTest -->
