<?xml version="1.0" encoding="UTF-8"?>
<!-- Generated by org.testng.reporters.JUnitReportReporter -->
<testsuite hostname="CPR02071L" failures="0" tests="1" name="com.qa.opencart.tests.ProductInfoPageTest" time="8.570" errors="0" timestamp="2025-05-04T18:24:02 EDT" skipped="0">
  <testcase classname="com.qa.opencart.tests.ProductInfoPageTest" name="cartInfoPageURLTest" time="8.570"/>
  <system-out/>
</testsuite> <!-- com.qa.opencart.tests.ProductInfoPageTest -->
