<?xml version="1.0" encoding="UTF-8"?>
<!-- Generated by org.testng.reporters.JUnitReportReporter -->
<testsuite hostname="CPR02071L" failures="0" tests="3" name="com.qa.opencart.tests.AccountPageTest" time="0.115" errors="0" timestamp="2025-04-29T14:41:12 EDT" skipped="0">
  <testcase classname="com.qa.opencart.tests.AccountPageTest" name="acctPageTittleURL" time="0.011"/>
  <system-out/>
  <testcase classname="com.qa.opencart.tests.AccountPageTest" name="acctPageHeadersTest" time="0.093"/>
  <system-out/>
  <testcase classname="com.qa.opencart.tests.AccountPageTest" name="acctPageTittleTest" time="0.011"/>
  <system-out/>
</testsuite> <!-- com.qa.opencart.tests.AccountPageTest -->
