<?xml version="1.0" encoding="UTF-8"?>
<!-- Generated by org.testng.reporters.JUnitReportReporter -->
<testsuite hostname="CPR02071L" failures="0" tests="1" name="com.qa.opencart.tests.CartInfoPageTest" time="8.703" errors="0" timestamp="2025-05-04T19:25:41 EDT" skipped="0">
  <testcase classname="com.qa.opencart.tests.CartInfoPageTest" name="checkoutButtonExistTest" time="8.703"/>
  <system-out/>
</testsuite> <!-- com.qa.opencart.tests.CartInfoPageTest -->
