<?xml version="1.0" encoding="UTF-8"?>
<!-- Generated by org.testng.reporters.JUnitReportReporter -->
<testsuite hostname="CPR02071L" failures="0" tests="3" name="com.qa.opencart.tests.SearchTest" time="1.575" errors="0" timestamp="2025-04-29T14:41:12 EDT" skipped="0">
  <testcase classname="com.qa.opencart.tests.SearchTest" name="searchProductCountTest" time="1.545"/>
  <system-out/>
  <testcase classname="com.qa.opencart.tests.SearchTest" name="searchPageURLTest" time="0.014"/>
  <system-out/>
  <testcase classname="com.qa.opencart.tests.SearchTest" name="searchPageTitleTest" time="0.016"/>
  <system-out/>
</testsuite> <!-- com.qa.opencart.tests.SearchTest -->
