<?xml version="1.0" encoding="UTF-8"?>
<!-- Generated by org.testng.reporters.JUnitReportReporter -->
<testsuite hostname="CPR02071L" failures="0" tests="3" name="com.qa.opencart.tests.RegisterPageTest" time="14.394" errors="0" timestamp="2025-04-29T14:41:12 EDT" skipped="0">
  <testcase classname="com.qa.opencart.tests.RegisterPageTest" name="emailFieldValidationTestForDotCOM" time="4.581"/>
  <system-out/>
  <testcase classname="com.qa.opencart.tests.RegisterPageTest" name="emailFieldValidationTestForATCharcter" time="4.176"/>
  <system-out/>
  <testcase classname="com.qa.opencart.tests.RegisterPageTest" name="userRegistrationTest" time="5.637"/>
  <system-out/>
</testsuite> <!-- com.qa.opencart.tests.RegisterPageTest -->
